Arguments: 
  C:\Program Files\nodejs\node.exe C:\Program Files (x86)\Yarn\bin\yarn.js publish

PATH: 
  C:\Users\ArStah\bin;C:\Program Files\Git\mingw64\bin;C:\Program Files\Git\usr\local\bin;C:\Program Files\Git\usr\bin;C:\Program Files\Git\usr\bin;C:\Program Files\Git\mingw64\bin;C:\Program Files\Git\usr\bin;C:\Users\ArStah\bin;C:\Program Files\Broadcom\Broadcom 802.11 Network Adapter;C:\Program Files\Docker\Docker\Resources\bin;C:\Windows\system32;C:\Windows;C:\Windows\System32\Wbem;C:\Windows\System32\WindowsPowerShell\v1.0;C:\Program Files\Git\cmd;C:\Program Files\nodejs;C:\Program Files (x86)\Yarn\bin;C:\Users\ArStah\AppData\Local\Microsoft\WindowsApps;C:\Users\ArStah\AppData\Roaming\npm;C:\Users\ArStah\AppData\Local\GitHubDesktop\bin;C:\Users\ArStah\AppData\Local\Yarn\bin;C:\Program Files\Heroku\bin;C:\Program Files\Microsoft VS Code\bin;C:\Program Files\Git\usr\bin\vendor_perl;C:\Program Files\Git\usr\bin\core_perl

Yarn version: 
  1.5.1

Node version: 
  9.8.0

Platform: 
  win32 x64

npm manifest: 
  {
    "name": "multitab-events",
    "version": "0.0.2",
    "description": "Mulitab event emitter over awesome-event-emitter",
    "main": "index.js",
    "author": "Arsen Stahanov <arsen.stahanov@gmail.com>",
    "license": "MIT",
    "repository": "https://github.com/ArStah/multitab-events.git",
    "dependencies": {
      "awesome-event-emitter": "^0.0.1"
    }
  }

yarn manifest: 
  No manifest

Lockfile: 
  # THIS IS AN AUTOGENERATED FILE. DO NOT EDIT THIS FILE DIRECTLY.
  # yarn lockfile v1
  
  
  awesome-event-emitter@^0.0.1:
    version "0.0.1"
    resolved "https://registry.yarnpkg.com/awesome-event-emitter/-/awesome-event-emitter-0.0.1.tgz#b0da6217c26f4f7d6c759c58ce9113dbc9017214"

Trace: 
  Error: canceled
      at Interface.<anonymous> (C:\Program Files (x86)\Yarn\lib\cli.js:128791:13)
      at Interface.emit (events.js:180:13)
      at Interface._ttyWrite (readline.js:783:16)
      at ReadStream.onkeypress (readline.js:163:10)
      at ReadStream.emit (events.js:180:13)
      at emitKeys (internal/readline.js:420:14)
      at emitKeys.next (<anonymous>)
      at ReadStream.onData (readline.js:1019:36)
      at ReadStream.emit (events.js:180:13)
      at addChunk (_stream_readable.js:269:12)
